#
# There is insufficient memory for the Java Runtime Environment to continue.
# Native memory allocation (malloc) failed to allocate 1048576 bytes for AllocateHeap
# Possible reasons:
#   The system is out of physical RAM or swap space
#   The process is running with CompressedOops enabled, and the Java Heap may be blocking the growth of the native heap
# Possible solutions:
#   Reduce memory load on the system
#   Increase physical memory or swap space
#   Check if swap backing store is full
#   Decrease Java heap size (-Xmx/-Xms)
#   Decrease number of Java threads
#   Decrease Java thread stack sizes (-Xss)
#   Set larger code cache with -XX:ReservedCodeCacheSize=
#   JVM is running with Zero Based Compressed Oops mode in which the Java heap is
#     placed in the first 32GB address space. The Java Heap base address is the
#     maximum limit for the native heap growth. Please use -XX:HeapBaseMinAddress
#     to set the Java Heap base and to place the Java Heap above 32GB virtual address.
# This output file may be truncated or incomplete.
#
#  Out of Memory Error (memory/allocation.inline.hpp:61), pid=13204, tid=0x00000000000006cc
#
# JRE version:  (8.0_221-b11) (build )
# Java VM: Java HotSpot(TM) 64-Bit Server VM (25.221-b11 mixed mode windows-amd64 compressed oops)
# Failed to write core dump. Minidumps are not enabled by default on client versions of Windows
#

---------------  T H R E A D  ---------------

Current thread (0x0000000000f0d800):  JavaThread "Unknown thread" [_thread_in_vm, id=1740, stack(0x0000000002780000,0x0000000002880000)]

Stack: [0x0000000002780000,0x0000000002880000]
[error occurred during error reporting (printing stack bounds), id 0xc0000005]

Native frames: (J=compiled Java code, j=interpreted, Vv=VM code, C=native code)


---------------  P R O C E S S  ---------------

Java Threads: ( => current thread )

Other Threads:

=>0x0000000000f0d800 (exited) JavaThread "Unknown thread" [_thread_in_vm, id=1740, stack(0x0000000002780000,0x0000000002880000)]

VM state:not at safepoint (normal execution)

VM Mutex/Monitor currently owned by a thread: None

heap address: 0x00000006c2400000, size: 4060 MB, Compressed Oops mode: Zero based, Oop shift amount: 3
Narrow klass base: 0x0000000000000000, Narrow klass shift: 3
Compressed class space size: 1073741824 Address: 0x00000007c0000000

Heap:
 PSYoungGen      total 75776K, used 1300K [0x000000076b700000, 0x0000000770b80000, 0x00000007c0000000)
  eden space 65024K, 2% used [0x000000076b700000,0x000000076b8451f8,0x000000076f680000)
  from space 10752K, 0% used [0x0000000770100000,0x0000000770100000,0x0000000770b80000)
  to   space 10752K, 0% used [0x000000076f680000,0x000000076f680000,0x0000000770100000)
 ParOldGen       total 173568K, used 0K [0x00000006c2400000, 0x00000006ccd80000, 0x000000076b700000)
  object space 173568K, 0% used [0x00000006c2400000,0x00000006c2400000,0x00000006ccd80000)
 Metaspace       used 752K, capacity 4480K, committed 4480K, reserved 1056768K
  class space    used 76K, capacity 384K, committed 384K, reserved 1048576K

Card table byte_map: [0x0000000011dc0000,0x00000000125b0000] byte_map_base: 0x000000000e7ae000

Marking Bits: (ParMarkBitMap*) 0x00000000608a5ce0
 Begin Bits: [0x0000000013500000, 0x0000000017470000)
 End Bits:   [0x0000000017470000, 0x000000001b3e0000)

Polling page: 0x0000000000eb0000

CodeCache: size=245760Kb used=328Kb max_used=328Kb free=245431Kb
 bounds [0x0000000002a00000, 0x0000000002c70000, 0x0000000011a00000]
 total_blobs=58 nmethods=0 adapters=38
 compilation: enabled

Compilation events (0 events):
No events

GC Heap History (0 events):
No events

Deoptimization events (0 events):
No events

Classes redefined (0 events):
No events

Internal exceptions (0 events):
No events

Events (10 events):
Event: 0.024 loading class java/lang/Short
Event: 0.024 loading class java/lang/Short done
Event: 0.024 loading class java/lang/Integer
Event: 0.024 loading class java/lang/Integer done
Event: 0.024 loading class java/lang/Long
Event: 0.024 loading class java/lang/Long done
Event: 0.025 loading class java/lang/NullPointerException
Event: 0.025 loading class java/lang/NullPointerException done
Event: 0.025 loading class java/lang/ArithmeticException
Event: 0.025 loading class java/lang/ArithmeticException done


Dynamic libraries:
0x00007ff694e50000 - 0x00007ff694e87000 	C:\Program Files\Java\jre1.8.0_221\bin\javaw.exe
0x00007ff9a2ea0000 - 0x00007ff9a3090000 	C:\windows\SYSTEM32\ntdll.dll
0x00007ff9a1cb0000 - 0x00007ff9a1d62000 	C:\windows\System32\KERNEL32.DLL
0x00007ff99fe90000 - 0x00007ff9a0133000 	C:\windows\System32\KERNELBASE.dll
0x00007ff9a1ba0000 - 0x00007ff9a1c43000 	C:\windows\System32\ADVAPI32.dll
0x00007ff9a1ed0000 - 0x00007ff9a1f6e000 	C:\windows\System32\msvcrt.dll
0x00007ff9a1920000 - 0x00007ff9a19b7000 	C:\windows\System32\sechost.dll
0x00007ff9a2060000 - 0x00007ff9a2180000 	C:\windows\System32\RPCRT4.dll
0x00007ff9a2230000 - 0x00007ff9a23c4000 	C:\windows\System32\USER32.dll
0x00007ff99fe60000 - 0x00007ff99fe81000 	C:\windows\System32\win32u.dll
0x00007ff9a19c0000 - 0x00007ff9a19e6000 	C:\windows\System32\GDI32.dll
0x00007ff9a03f0000 - 0x00007ff9a0584000 	C:\windows\System32\gdi32full.dll
0x00007ff9a0eb0000 - 0x00007ff9a0f4e000 	C:\windows\System32\msvcp_win.dll
0x00007ff9a02f0000 - 0x00007ff9a03ea000 	C:\windows\System32\ucrtbase.dll
0x00007ff988950000 - 0x00007ff988bd5000 	C:\windows\WinSxS\amd64_microsoft.windows.common-controls_6595b64144ccf1df_6.0.18362.535_none_e6c3b34713100821\COMCTL32.dll
0x00007ff9a2a40000 - 0x00007ff9a2d76000 	C:\windows\System32\combase.dll
0x00007ff9a0270000 - 0x00007ff9a02f0000 	C:\windows\System32\bcryptPrimitives.dll
0x00007ff9a2e30000 - 0x00007ff9a2e5e000 	C:\windows\System32\IMM32.DLL
0x0000000060a60000 - 0x0000000060b32000 	C:\Program Files\Java\jre1.8.0_221\bin\msvcr100.dll
0x0000000060080000 - 0x0000000060925000 	C:\Program Files\Java\jre1.8.0_221\bin\server\jvm.dll
0x00007ff9a19f0000 - 0x00007ff9a19f8000 	C:\windows\System32\PSAPI.DLL
0x00007ff99bff0000 - 0x00007ff99bff9000 	C:\windows\SYSTEM32\WSOCK32.dll
0x00007ff99d640000 - 0x00007ff99d664000 	C:\windows\SYSTEM32\WINMM.dll
0x00007ff9a1fe0000 - 0x00007ff9a204f000 	C:\windows\System32\WS2_32.dll
0x00007ff999550000 - 0x00007ff99955a000 	C:\windows\SYSTEM32\VERSION.dll
0x00007ff99d610000 - 0x00007ff99d63d000 	C:\windows\SYSTEM32\winmmbase.dll
0x00007ff9a0590000 - 0x00007ff9a05da000 	C:\windows\System32\cfgmgr32.dll
0x00007ff99bfe0000 - 0x00007ff99bfef000 	C:\Program Files\Java\jre1.8.0_221\bin\verify.dll
0x00007ff99bf60000 - 0x00007ff99bf89000 	C:\Program Files\Java\jre1.8.0_221\bin\java.dll
0x00007ff99a7a0000 - 0x00007ff99a7b6000 	C:\Program Files\Java\jre1.8.0_221\bin\zip.dll

VM Arguments:
jvm_args: -Dfile.encoding=Cp1252 
java_command: Sudoku.Sudoku
java_class_path (initial): C:\Users\pawel\PwSOFT\JavaPOD\Sudoku_copy\bin
Launcher Type: SUN_STANDARD

Environment Variables:
PATH=C:/Program Files/Java/jre1.8.0_221/bin/server;C:/Program Files/Java/jre1.8.0_221/bin;C:/Program Files/Java/jre1.8.0_221/lib/amd64;C:\Program Files (x86)\Common Files\Oracle\Java\javapath;C:\windows\system32;C:\windows;C:\windows\System32\Wbem;C:\windows\System32\WindowsPowerShell\v1.0\;C:\windows\System32\OpenSSH\;C:\Program Files (x86)\Intel\Intel(R) Management Engine Components\DAL;C:\Program Files\Intel\Intel(R) Management Engine Components\DAL;C:\Program Files (x86)\NVIDIA Corporation\PhysX\Common;c:\Program Files (x86)\HP\HP Performance Advisor;C:\Users\pawel\AppData\Local\Microsoft\WindowsApps;%DASHLANE_DLL_DIR%;C:\Users\pawel\Desktop;
USERNAME=pawel
OS=Windows_NT
PROCESSOR_IDENTIFIER=Intel64 Family 6 Model 158 Stepping 10, GenuineIntel



---------------  S Y S T E M  ---------------

OS: Windows 10.0 , 64 bit Build 18362 (10.0.18362.329)

CPU:total 12 (initial active 12) (6 cores per cpu, 2 threads per core) family 6 model 158 stepping 10, cmov, cx8, fxsr, mmx, sse, sse2, sse3, ssse3, sse4.1, sse4.2, popcnt, avx, avx2, aes, clmul, erms, 3dnowpref, lzcnt, ht, tsc, tscinvbit, bmi1, bmi2, adx

Memory: 4k page, physical 16629560k(4285732k free), swap 35287396k(5876k free)

vm_info: Java HotSpot(TM) 64-Bit Server VM (25.221-b11) for windows-amd64 JRE (1.8.0_221-b11), built on Jul  4 2019 04:39:29 by "java_re" with MS VC++ 10.0 (VS2010)

time: Mon Dec 30 11:51:07 2019
timezone: W. Europe Standard Time
elapsed time: 0 seconds (0d 0h 0m 0s)

